warning: profiles for the non root package will be ignored, specify profiles at the workspace root:
package:   /home/exblackhole/Desktop/GameCoTuong/cotuong_core/Cargo.toml
workspace: /home/exblackhole/Desktop/GameCoTuong/Cargo.toml
    Checking cotuong_core v0.1.0 (/home/exblackhole/Desktop/GameCoTuong/cotuong_core)
error: manual `Range::contains` implementation
  --> cotuong_core/src/engine/eval.rs:77:42
   |
77 |                 if br >= 0 && br < 10 && bc >= 0 && bc < 9 {
   |                                          ^^^^^^^^^^^^^^^^^ help: use: `(0..9).contains(&bc)`
   |
   = help: for further information visit https://rust-lang.github.io/rust-clippy/rust-1.93.0/index.html#manual_range_contains
   = note: `-D clippy::manual-range-contains` implied by `-D warnings`
   = help: to override `-D warnings` add `#[allow(clippy::manual_range_contains)]`

error: manual `Range::contains` implementation
  --> cotuong_core/src/engine/eval.rs:77:20
   |
77 |                 if br >= 0 && br < 10 && bc >= 0 && bc < 9 {
   |                    ^^^^^^^^^^^^^^^^^^ help: use: `(0..10).contains(&br)`
   |
   = help: for further information visit https://rust-lang.github.io/rust-clippy/rust-1.93.0/index.html#manual_range_contains

error: manual `Range::contains` implementation
   --> cotuong_core/src/engine/eval.rs:114:42
    |
114 |                 if br >= 0 && br < 10 && bc >= 0 && bc < 9 {
    |                                          ^^^^^^^^^^^^^^^^^ help: use: `(0..9).contains(&bc)`
    |
    = help: for further information visit https://rust-lang.github.io/rust-clippy/rust-1.93.0/index.html#manual_range_contains

error: manual `Range::contains` implementation
   --> cotuong_core/src/engine/eval.rs:114:20
    |
114 |                 if br >= 0 && br < 10 && bc >= 0 && bc < 9 {
    |                    ^^^^^^^^^^^^^^^^^^ help: use: `(0..10).contains(&br)`
    |
    = help: for further information visit https://rust-lang.github.io/rust-clippy/rust-1.93.0/index.html#manual_range_contains

error: manual implementation of `.is_multiple_of()`
   --> cotuong_core/src/engine/search.rs:146:16
    |
146 |             if self.nodes_searched % 1024 == 0 {
    |                ^^^^^^^^^^^^^^^^^^^^^^^^^^^^^^^ help: replace with: `self.nodes_searched.is_multiple_of(1024)`
    |
    = help: for further information visit https://rust-lang.github.io/rust-clippy/rust-1.93.0/index.html#manual_is_multiple_of
    = note: `-D clippy::manual-is-multiple-of` implied by `-D warnings`
    = help: to override `-D warnings` add `#[allow(clippy::manual_is_multiple_of)]`

error: this function has too many arguments (8/7)
   --> cotuong_core/src/engine/search.rs:240:5
    |
240 | /     fn singular_extension(
241 | |         &mut self,
242 | |         board: &mut Board,
243 | |         tt_entry: Option<crate::engine::tt::TTEntry>,
...   |
248 | |         excluded_move: Option<Move>,
249 | |     ) -> u8 {
    | |___________^
    |
    = help: for further information visit https://rust-lang.github.io/rust-clippy/rust-1.93.0/index.html#too_many_arguments
    = note: `-D clippy::too-many-arguments` implied by `-D warnings`
    = help: to override `-D warnings` add `#[allow(clippy::too_many_arguments)]`

error: this function has too many arguments (8/7)
   --> cotuong_core/src/engine/search.rs:280:5
    |
280 | /     fn alpha_beta(
281 | |         &mut self,
282 | |         board: &mut Board,
283 | |         mut alpha: i32,
...   |
288 | |         excluded_move: Option<Move>,
289 | |     ) -> Option<i32> {
    | |____________________^
    |
    = help: for further information visit https://rust-lang.github.io/rust-clippy/rust-1.93.0/index.html#too_many_arguments

error: manual `Range::contains` implementation
   --> cotuong_core/src/logic/game.rs:231:36
    |
231 |             if r >= 0 && r < 10 && c >= 0 && c < 9 {
    |                                    ^^^^^^^^^^^^^^^ help: use: `(0..9).contains(&c)`
    |
    = help: for further information visit https://rust-lang.github.io/rust-clippy/rust-1.93.0/index.html#manual_range_contains

error: manual `Range::contains` implementation
   --> cotuong_core/src/logic/game.rs:231:16
    |
231 |             if r >= 0 && r < 10 && c >= 0 && c < 9 {
    |                ^^^^^^^^^^^^^^^^ help: use: `(0..10).contains(&r)`
    |
    = help: for further information visit https://rust-lang.github.io/rust-clippy/rust-1.93.0/index.html#manual_range_contains

error: manual `Range::contains` implementation
   --> cotuong_core/src/logic/game.rs:255:39
    |
255 |             while r >= 0 && r < 10 && c >= 0 && c < 9 {
    |                                       ^^^^^^^^^^^^^^^ help: use: `(0..9).contains(&c)`
    |
    = help: for further information visit https://rust-lang.github.io/rust-clippy/rust-1.93.0/index.html#manual_range_contains

error: manual `Range::contains` implementation
   --> cotuong_core/src/logic/game.rs:255:19
    |
255 |             while r >= 0 && r < 10 && c >= 0 && c < 9 {
    |                   ^^^^^^^^^^^^^^^^ help: use: `(0..10).contains(&r)`
    |
    = help: for further information visit https://rust-lang.github.io/rust-clippy/rust-1.93.0/index.html#manual_range_contains

error: manual `Range::contains` implementation
   --> cotuong_core/src/logic/game.rs:284:39
    |
284 |             while r >= 0 && r < 10 && c >= 0 && c < 9 {
    |                                       ^^^^^^^^^^^^^^^ help: use: `(0..9).contains(&c)`
    |
    = help: for further information visit https://rust-lang.github.io/rust-clippy/rust-1.93.0/index.html#manual_range_contains

error: manual `Range::contains` implementation
   --> cotuong_core/src/logic/game.rs:284:19
    |
284 |             while r >= 0 && r < 10 && c >= 0 && c < 9 {
    |                   ^^^^^^^^^^^^^^^^ help: use: `(0..10).contains(&r)`
    |
    = help: for further information visit https://rust-lang.github.io/rust-clippy/rust-1.93.0/index.html#manual_range_contains

error: manual `RangeInclusive::contains` implementation
   --> cotuong_core/src/logic/lookup.rs:206:29
    |
206 | ... in_palace = (tc >= 3 && tc <= 5) && ((tr >= 0 && tr <=...
    |                 ^^^^^^^^^^^^^^^^^^^^ help: use: `(3..=5).contains(&tc)`
    |
    = help: for further information visit https://rust-lang.github.io/rust-clippy/rust-1.93.0/index.html#manual_range_contains

error: manual `RangeInclusive::contains` implementation
   --> cotuong_core/src/logic/lookup.rs:206:54
    |
206 | ...tc <= 5) && ((tr >= 0 && tr <= 2) || (tr >= 7 && tr <= ...
    |                 ^^^^^^^^^^^^^^^^^^^^ help: use: `(0..=2).contains(&tr)`
    |
    = help: for further information visit https://rust-lang.github.io/rust-clippy/rust-1.93.0/index.html#manual_range_contains

error: manual `RangeInclusive::contains` implementation
   --> cotuong_core/src/logic/lookup.rs:206:78
    |
206 | ... tr <= 2) || (tr >= 7 && tr <= 9));
    |                 ^^^^^^^^^^^^^^^^^^^^ help: use: `(7..=9).contains(&tr)`
    |
    = help: for further information visit https://rust-lang.github.io/rust-clippy/rust-1.93.0/index.html#manual_range_contains

error: manual `RangeInclusive::contains` implementation
   --> cotuong_core/src/logic/lookup.rs:223:29
    |
223 | ... in_palace = (tc >= 3 && tc <= 5) && ((tr >= 0 && tr <=...
    |                 ^^^^^^^^^^^^^^^^^^^^ help: use: `(3..=5).contains(&tc)`
    |
    = help: for further information visit https://rust-lang.github.io/rust-clippy/rust-1.93.0/index.html#manual_range_contains

error: manual `RangeInclusive::contains` implementation
   --> cotuong_core/src/logic/lookup.rs:223:54
    |
223 | ...tc <= 5) && ((tr >= 0 && tr <= 2) || (tr >= 7 && tr <= ...
    |                 ^^^^^^^^^^^^^^^^^^^^ help: use: `(0..=2).contains(&tr)`
    |
    = help: for further information visit https://rust-lang.github.io/rust-clippy/rust-1.93.0/index.html#manual_range_contains

error: manual `RangeInclusive::contains` implementation
   --> cotuong_core/src/logic/lookup.rs:223:78
    |
223 | ... tr <= 2) || (tr >= 7 && tr <= 9));
    |                 ^^^^^^^^^^^^^^^^^^^^ help: use: `(7..=9).contains(&tr)`
    |
    = help: for further information visit https://rust-lang.github.io/rust-clippy/rust-1.93.0/index.html#manual_range_contains

error: this `if` statement can be collapsed
   --> cotuong_core/src/logic/rules.rs:197:9
    |
197 | / ...   if (0..10).contains(&fr) {
198 | | ...       if (enemy_soldiers & (1u128 << (fr as usize * ...
199 | | ...           return true;
200 | | ...       }
201 | | ...   }
    | |_______^
    |
    = help: for further information visit https://rust-lang.github.io/rust-clippy/rust-1.93.0/index.html#collapsible_if
    = note: `-D clippy::collapsible-if` implied by `-D warnings`
    = help: to override `-D warnings` add `#[allow(clippy::collapsible_if)]`
help: collapse nested if block
    |
197 ~         if (0..10).contains(&fr)
198 ~             && (enemy_soldiers & (1u128 << (fr as usize * 9 + gc))) != 0 {
199 |                 return true;
200 ~             }
    |

error: this `if` statement can be collapsed
   --> cotuong_core/src/logic/rules.rs:206:13
    |
206 | / ...   if (0..9).contains(&sc) {
207 | | ...       if (enemy_soldiers & (1u128 << (gr * 9 + sc as...
208 | | ...           return true;
209 | | ...       }
210 | | ...   }
    | |_______^
    |
    = help: for further information visit https://rust-lang.github.io/rust-clippy/rust-1.93.0/index.html#collapsible_if
help: collapse nested if block
    |
206 ~             if (0..9).contains(&sc)
207 ~                 && (enemy_soldiers & (1u128 << (gr * 9 + sc as usize))) != 0 {
208 |                     return true;
209 ~                 }
    |

error: could not compile `cotuong_core` (lib) due to 21 previous errors
